0 info it worked if it ends with ok
1 verbose cli [ '/home/ubuntu/.nvm/versions/node/v6.10.1/bin/node',
1 verbose cli   '/home/ubuntu/.nvm/versions/node/v6.10.1/bin/npm',
1 verbose cli   'run',
1 verbose cli   'release:patch' ]
2 info using npm@3.10.10
3 info using node@v6.10.1
4 verbose run-script [ 'prerelease:patch', 'release:patch', 'postrelease:patch' ]
5 info lifecycle deng-feathers-filemaker@0.6.1~prerelease:patch: deng-feathers-filemaker@0.6.1
6 silly lifecycle deng-feathers-filemaker@0.6.1~prerelease:patch: no script for prerelease:patch, continuing
7 info lifecycle deng-feathers-filemaker@0.6.1~release:patch: deng-feathers-filemaker@0.6.1
8 verbose lifecycle deng-feathers-filemaker@0.6.1~release:patch: unsafe-perm in lifecycle true
9 verbose lifecycle deng-feathers-filemaker@0.6.1~release:patch: PATH: /home/ubuntu/.nvm/versions/node/v6.10.1/lib/node_modules/npm/bin/node-gyp-bin:/home/ubuntu/workspace/deng-feathers-filemaker/node_modules/.bin:/home/ubuntu/.nvm/versions/node/v6.10.1/bin:/usr/local/rvm/gems/ruby-2.3.0/bin:/usr/local/rvm/gems/ruby-2.3.0@global/bin:/usr/local/rvm/rubies/ruby-2.3.0/bin:/mnt/shared/bin:/home/ubuntu/workspace/node_modules/.bin:/home/ubuntu/bin:/usr/local/sbin:/usr/local/bin:/usr/sbin:/usr/bin:/sbin:/bin:/mnt/shared/sbin:/opt/gitl:/opt/go/bin:/mnt/shared/c9/app.nw/bin:/usr/local/rvm/bin
10 verbose lifecycle deng-feathers-filemaker@0.6.1~release:patch: CWD: /home/ubuntu/workspace/deng-feathers-filemaker
11 silly lifecycle deng-feathers-filemaker@0.6.1~release:patch: Args: [ '-c', 'npm version patch && npm publish' ]
12 silly lifecycle deng-feathers-filemaker@0.6.1~release:patch: Returned: code: 1  signal: null
13 info lifecycle deng-feathers-filemaker@0.6.1~release:patch: Failed to exec release:patch script
14 verbose stack Error: deng-feathers-filemaker@0.6.1 release:patch: `npm version patch && npm publish`
14 verbose stack Exit status 1
14 verbose stack     at EventEmitter.<anonymous> (/home/ubuntu/.nvm/versions/node/v6.10.1/lib/node_modules/npm/lib/utils/lifecycle.js:255:16)
14 verbose stack     at emitTwo (events.js:106:13)
14 verbose stack     at EventEmitter.emit (events.js:191:7)
14 verbose stack     at ChildProcess.<anonymous> (/home/ubuntu/.nvm/versions/node/v6.10.1/lib/node_modules/npm/lib/utils/spawn.js:40:14)
14 verbose stack     at emitTwo (events.js:106:13)
14 verbose stack     at ChildProcess.emit (events.js:191:7)
14 verbose stack     at maybeClose (internal/child_process.js:886:16)
14 verbose stack     at Process.ChildProcess._handle.onexit (internal/child_process.js:226:5)
15 verbose pkgid deng-feathers-filemaker@0.6.1
16 verbose cwd /home/ubuntu/workspace/deng-feathers-filemaker
17 error Linux 4.9.17-c9
18 error argv "/home/ubuntu/.nvm/versions/node/v6.10.1/bin/node" "/home/ubuntu/.nvm/versions/node/v6.10.1/bin/npm" "run" "release:patch"
19 error node v6.10.1
20 error npm  v3.10.10
21 error code ELIFECYCLE
22 error deng-feathers-filemaker@0.6.1 release:patch: `npm version patch && npm publish`
22 error Exit status 1
23 error Failed at the deng-feathers-filemaker@0.6.1 release:patch script 'npm version patch && npm publish'.
23 error Make sure you have the latest version of node.js and npm installed.
23 error If you do, this is most likely a problem with the deng-feathers-filemaker package,
23 error not with npm itself.
23 error Tell the author that this fails on your system:
23 error     npm version patch && npm publish
23 error You can get information on how to open an issue for this project with:
23 error     npm bugs deng-feathers-filemaker
23 error Or if that isn't available, you can get their info via:
23 error     npm owner ls deng-feathers-filemaker
23 error There is likely additional logging output above.
24 verbose exit [ 1, true ]
